root@ip-172-31-86-13:/opt/packer# packer build -var 'aws_access_key=AKIATOLN4SYY5NVPCTEP' -var 'aws_secret_key=ju2RAR2DtdQSMDcdNsuDZZC73JVH52qqfcEcUyMG' example.json
amazon-ebs output will be in this color.

==> amazon-ebs: Prevalidating AMI Name...
    amazon-ebs: Found Image ID: ami-0378588b4ae11ec24
==> amazon-ebs: Creating temporary keypair: packer_5d5fe8d6-2853-0558-ad56-2bcfbaea382d
==> amazon-ebs: Creating temporary security group for this instance: packer_5d5fe8d7-c248-9b20-148b-b2991ed5f2c6
==> amazon-ebs: Authorizing access to port 22 on the temporary security group...
==> amazon-ebs: Launching a source AWS instance...
    amazon-ebs: Instance ID: i-0230be49e79b91fa5
==> amazon-ebs: Waiting for instance (i-0230be49e79b91fa5) to become ready...
==> amazon-ebs: Adding tags to source instance
    amazon-ebs: Adding tag: "Name": "Packer Builder"
==> amazon-ebs: Waiting for SSH to become available...
==> amazon-ebs: Connected to SSH!
==> amazon-ebs: Uploading welcome.txt => /home/ubuntu/
==> amazon-ebs: Provisioning with shell script: /tmp/packer-shell450560882
    amazon-ebs: total 32
    amazon-ebs: drwxr-xr-x 4 ubuntu ubuntu 4096 Aug 23 13:24 .
    amazon-ebs: drwxr-xr-x 3 root   root   4096 Aug 23 13:24 ..
    amazon-ebs: -rw-r--r-- 1 ubuntu ubuntu  220 Aug 31  2015 .bash_logout
    amazon-ebs: -rw-r--r-- 1 ubuntu ubuntu 3771 Aug 31  2015 .bashrc
    amazon-ebs: drwx------ 2 ubuntu ubuntu 4096 Aug 23 13:24 .cache
    amazon-ebs: -rw-r--r-- 1 ubuntu ubuntu  655 Jul 12 19:26 .profile
    amazon-ebs: drwx------ 2 ubuntu ubuntu 4096 Aug 23 13:24 .ssh
    amazon-ebs: -rw-r--r-- 1 ubuntu ubuntu   35 Aug 23 13:24 welcome.txt
    amazon-ebs: Hi, This file is copied via Packer
==> amazon-ebs: Provisioning with shell script: example.sh
    amazon-ebs: Hi, this is executed via Packer
==> amazon-ebs: Stopping the source instance...
    amazon-ebs: Stopping instance, attempt 1
==> amazon-ebs: Waiting for the instance to stop...
==> amazon-ebs: Creating the AMI: packer-example 1566566614
    amazon-ebs: AMI: ami-0989baf737ca06a3a
==> amazon-ebs: Waiting for AMI to become ready...
==> amazon-ebs: Terminating the source AWS instance...
==> amazon-ebs: Cleaning up any extra volumes...
==> amazon-ebs: Deleting temporary security group...
==> amazon-ebs: Deleting temporary keypair...
Build 'amazon-ebs' finished.

==> Builds finished. The artifacts of successful builds are:
--> amazon-ebs: AMIs were created:

us-east-1: ami-0989baf737ca06a3a

